# JRE version: OpenJDK Runtime Environment Temurin-21.0.10+7 (21.0.10+7) (build 21.0.10+7-LTS)
# Java VM: OpenJDK 64-Bit Server VM Temurin-21.0.10+7 (21.0.10+7-LTS, mixed mode, sharing, tiered, compressed oops, compressed class ptrs, parallel gc, windows-amd64)
GC Precious Log:
 CardTable entry size: 512
 CPUs: 8 total, 8 available
 Memory: 24390M
 Large Page Support: Disabled
 NUMA Support: Disabled
 Compressed Oops: Enabled (32-bit)
 Alignments: Space 512K, Generation 512K, Heap 2M
 Heap Min Capacity: 100M
 Heap Initial Capacity: 100M
 Heap Max Capacity: 2G
 Pre-touch: Disabled
 Parallel Workers: 8
Heap:
 PSYoungGen      total 4608K, used 2596K [0x00000000d5580000, 0x00000000d5b80000, 0x0000000100000000)
  eden space 4096K, 57% used [0x00000000d5580000,0x00000000d57d13f0,0x00000000d5980000)
  from space 512K, 43% used [0x00000000d5a80000,0x00000000d5ab8000,0x00000000d5b00000)
  to   space 512K, 0% used [0x00000000d5b00000,0x00000000d5b00000,0x00000000d5b80000)
 ParOldGen       total 642048K, used 259588K [0x0000000080000000, 0x00000000a7300000, 0x00000000d5580000)
  object space 642048K, 40% used [0x0000000080000000,0x000000008fd813b0,0x00000000a7300000)
 Metaspace       used 94884K, committed 96832K, reserved 1179648K
  class space    used 9759K, committed 10560K, reserved 1048576K
GC Heap History (20 events):
Event: 16092.571 GC heap before
{Heap before GC invocations=3642 (full 5):
 PSYoungGen      total 5632K, used 5504K [0x00000000d5580000, 0x00000000d5e80000, 0x0000000100000000)
  eden space 5120K, 99% used [0x00000000d5580000,0x00000000d5a742f0,0x00000000d5a80000)
  from space 512K, 84% used [0x00000000d5d80000,0x00000000d5dec0b0,0x00000000d5e00000)
  to   space 512K, 0% used [0x00000000d5e00000,0x00000000d5e00000,0x00000000d5e80000)
 ParOldGen       total 642048K, used 254564K [0x0000000080000000, 0x00000000a7300000, 0x00000000d5580000)
  object space 642048K, 39% used [0x0000000080000000,0x000000008f8992f0,0x00000000a7300000)
 Metaspace       used 94660K, committed 96512K, reserved 1179648K
  class space    used 9737K, committed 10560K, reserved 1048576K
}
Event: 16092.577 GC heap after
{Heap after GC invocations=3642 (full 5):
 PSYoungGen      total 5632K, used 483K [0x00000000d5580000, 0x00000000d6080000, 0x0000000100000000)
  eden space 5120K, 0% used [0x00000000d5580000,0x00000000d5580000,0x00000000d5a80000)
  from space 512K, 94% used [0x00000000d5e00000,0x00000000d5e78e68,0x00000000d5e80000)
  to   space 3072K, 0% used [0x00000000d5a80000,0x00000000d5a80000,0x00000000d5d80000)
 ParOldGen       total 642048K, used 256563K [0x0000000080000000, 0x00000000a7300000, 0x00000000d5580000)
  object space 642048K, 39% used [0x0000000080000000,0x000000008fa8ce18,0x00000000a7300000)
 Metaspace       used 94660K, committed 96512K, reserved 1179648K
  class space    used 9737K, committed 10560K, reserved 1048576K
}
Event: 16092.589 GC heap before
{Heap before GC invocations=3643 (full 5):
 PSYoungGen      total 5632K, used 5102K [0x00000000d5580000, 0x00000000d6080000, 0x0000000100000000)
  eden space 5120K, 90% used [0x00000000d5580000,0x00000000d5a02ba0,0x00000000d5a80000)
  from space 512K, 94% used [0x00000000d5e00000,0x00000000d5e78e68,0x00000000d5e80000)
  to   space 3072K, 0% used [0x00000000d5a80000,0x00000000d5a80000,0x00000000d5d80000)
 ParOldGen       total 642048K, used 256563K [0x0000000080000000, 0x00000000a7300000, 0x00000000d5580000)
  object space 642048K, 39% used [0x0000000080000000,0x000000008fa8ce18,0x00000000a7300000)
 Metaspace       used 94660K, committed 96512K, reserved 1179648K
  class space    used 9737K, committed 10560K, reserved 1048576K
}
Event: 16092.591 GC heap after
{Heap after GC invocations=3643 (full 5):
 PSYoungGen      total 7680K, used 2174K [0x00000000d5580000, 0x00000000d5f80000, 0x0000000100000000)
  eden space 5120K, 0% used [0x00000000d5580000,0x00000000d5580000,0x00000000d5a80000)
  from space 2560K, 84% used [0x00000000d5a80000,0x00000000d5c9fb28,0x00000000d5d00000)
  to   space 2560K, 0% used [0x00000000d5d00000,0x00000000d5d00000,0x00000000d5f80000)
 ParOldGen       total 642048K, used 256611K [0x0000000080000000, 0x00000000a7300000, 0x00000000d5580000)
  object space 642048K, 39% used [0x0000000080000000,0x000000008fa98e18,0x00000000a7300000)
 Metaspace       used 94660K, committed 96512K, reserved 1179648K
  class space    used 9737K, committed 10560K, reserved 1048576K
}
Event: 16092.600 GC heap before
{Heap before GC invocations=3644 (full 5):
 PSYoungGen      total 7680K, used 7219K [0x00000000d5580000, 0x00000000d5f80000, 0x0000000100000000)
  eden space 5120K, 98% used [0x00000000d5580000,0x00000000d5a6d3c8,0x00000000d5a80000)
  from space 2560K, 84% used [0x00000000d5a80000,0x00000000d5c9fb28,0x00000000d5d00000)
  to   space 2560K, 0% used [0x00000000d5d00000,0x00000000d5d00000,0x00000000d5f80000)
 ParOldGen       total 642048K, used 256611K [0x0000000080000000, 0x00000000a7300000, 0x00000000d5580000)
  object space 642048K, 39% used [0x0000000080000000,0x000000008fa98e18,0x00000000a7300000)
 Metaspace       used 94661K, committed 96512K, reserved 1179648K
  class space    used 9737K, committed 10560K, reserved 1048576K
}
Event: 16092.605 GC heap after
{Heap after GC invocations=3644 (full 5):
 PSYoungGen      total 7680K, used 2277K [0x00000000d5580000, 0x00000000d5f80000, 0x0000000100000000)
  eden space 5120K, 0% used [0x00000000d5580000,0x00000000d5580000,0x00000000d5a80000)
  from space 2560K, 88% used [0x00000000d5d00000,0x00000000d5f397a8,0x00000000d5f80000)
  to   space 2560K, 0% used [0x00000000d5a80000,0x00000000d5a80000,0x00000000d5d00000)
 ParOldGen       total 642048K, used 258177K [0x0000000080000000, 0x00000000a7300000, 0x00000000d5580000)
  object space 642048K, 40% used [0x0000000080000000,0x000000008fc20760,0x00000000a7300000)
 Metaspace       used 94661K, committed 96512K, reserved 1179648K
  class space    used 9737K, committed 10560K, reserved 1048576K
}
Event: 16094.494 GC heap before
{Heap before GC invocations=3645 (full 5):
 PSYoungGen      total 7680K, used 7397K [0x00000000d5580000, 0x00000000d5f80000, 0x0000000100000000)
  eden space 5120K, 100% used [0x00000000d5580000,0x00000000d5a80000,0x00000000d5a80000)
  from space 2560K, 88% used [0x00000000d5d00000,0x00000000d5f397a8,0x00000000d5f80000)
  to   space 2560K, 0% used [0x00000000d5a80000,0x00000000d5a80000,0x00000000d5d00000)
 ParOldGen       total 642048K, used 258177K [0x0000000080000000, 0x00000000a7300000, 0x00000000d5580000)
  object space 642048K, 40% used [0x0000000080000000,0x000000008fc20760,0x00000000a7300000)
 Metaspace       used 94665K, committed 96576K, reserved 1179648K
  class space    used 9737K, committed 10560K, reserved 1048576K
}
Event: 16094.496 GC heap after
{Heap after GC invocations=3645 (full 5):
 PSYoungGen      total 6144K, used 604K [0x00000000d5580000, 0x00000000d5d80000, 0x0000000100000000)
  eden space 5120K, 0% used [0x00000000d5580000,0x00000000d5580000,0x00000000d5a80000)
  from space 1024K, 59% used [0x00000000d5a80000,0x00000000d5b17130,0x00000000d5b80000)
  to   space 1536K, 0% used [0x00000000d5c00000,0x00000000d5c00000,0x00000000d5d80000)
 ParOldGen       total 642048K, used 258209K [0x0000000080000000, 0x00000000a7300000, 0x00000000d5580000)
  object space 642048K, 40% used [0x0000000080000000,0x000000008fc28760,0x00000000a7300000)
 Metaspace       used 94665K, committed 96576K, reserved 1179648K
  class space    used 9737K, committed 10560K, reserved 1048576K
}
Event: 16094.548 GC heap before
{Heap before GC invocations=3646 (full 5):
 PSYoungGen      total 6144K, used 5590K [0x00000000d5580000, 0x00000000d5d80000, 0x0000000100000000)
  eden space 5120K, 97% used [0x00000000d5580000,0x00000000d5a5e8a0,0x00000000d5a80000)
  from space 1024K, 59% used [0x00000000d5a80000,0x00000000d5b17130,0x00000000d5b80000)
  to   space 1536K, 0% used [0x00000000d5c00000,0x00000000d5c00000,0x00000000d5d80000)
 ParOldGen       total 642048K, used 258209K [0x0000000080000000, 0x00000000a7300000, 0x00000000d5580000)
  object space 642048K, 40% used [0x0000000080000000,0x000000008fc28760,0x00000000a7300000)
 Metaspace       used 94668K, committed 96576K, reserved 1179648K
  class space    used 9737K, committed 10560K, reserved 1048576K
}
Event: 16094.552 GC heap after
{Heap after GC invocations=3646 (full 5):
 PSYoungGen      total 5632K, used 1508K [0x00000000d5580000, 0x00000000d5f80000, 0x0000000100000000)
  eden space 4096K, 0% used [0x00000000d5580000,0x00000000d5580000,0x00000000d5980000)
  from space 1536K, 98% used [0x00000000d5c00000,0x00000000d5d79238,0x00000000d5d80000)
  to   space 2560K, 0% used [0x00000000d5980000,0x00000000d5980000,0x00000000d5c00000)
 ParOldGen       total 642048K, used 258885K [0x0000000080000000, 0x00000000a7300000, 0x00000000d5580000)
  object space 642048K, 40% used [0x0000000080000000,0x000000008fcd16a8,0x00000000a7300000)
 Metaspace       used 94668K, committed 96576K, reserved 1179648K
  class space    used 9737K, committed 10560K, reserved 1048576K
}
Event: 16094.594 GC heap before
{Heap before GC invocations=3647 (full 5):
 PSYoungGen      total 5632K, used 5604K [0x00000000d5580000, 0x00000000d5f80000, 0x0000000100000000)
  eden space 4096K, 100% used [0x00000000d5580000,0x00000000d5980000,0x00000000d5980000)
  from space 1536K, 98% used [0x00000000d5c00000,0x00000000d5d79238,0x00000000d5d80000)
  to   space 2560K, 0% used [0x00000000d5980000,0x00000000d5980000,0x00000000d5c00000)
 ParOldGen       total 642048K, used 258885K [0x0000000080000000, 0x00000000a7300000, 0x00000000d5580000)
  object space 642048K, 40% used [0x0000000080000000,0x000000008fcd16a8,0x00000000a7300000)
 Metaspace       used 94670K, committed 96576K, reserved 1179648K
  class space    used 9737K, committed 10560K, reserved 1048576K
}
Event: 16094.595 GC heap after
{Heap after GC invocations=3647 (full 5):
 PSYoungGen      total 5120K, used 529K [0x00000000d5580000, 0x00000000d5c80000, 0x0000000100000000)
  eden space 4096K, 0% used [0x00000000d5580000,0x00000000d5580000,0x00000000d5980000)
  from space 1024K, 51% used [0x00000000d5980000,0x00000000d5a04628,0x00000000d5a80000)
  to   space 1536K, 0% used [0x00000000d5b00000,0x00000000d5b00000,0x00000000d5c80000)
 ParOldGen       total 642048K, used 259165K [0x0000000080000000, 0x00000000a7300000, 0x00000000d5580000)
  object space 642048K, 40% used [0x0000000080000000,0x000000008fd176b8,0x00000000a7300000)
 Metaspace       used 94670K, committed 96576K, reserved 1179648K
  class space    used 9737K, committed 10560K, reserved 1048576K
}
Event: 16094.867 GC heap before
{Heap before GC invocations=3648 (full 5):
 PSYoungGen      total 5120K, used 4625K [0x00000000d5580000, 0x00000000d5c80000, 0x0000000100000000)
  eden space 4096K, 100% used [0x00000000d5580000,0x00000000d5980000,0x00000000d5980000)
  from space 1024K, 51% used [0x00000000d5980000,0x00000000d5a04628,0x00000000d5a80000)
  to   space 1536K, 0% used [0x00000000d5b00000,0x00000000d5b00000,0x00000000d5c80000)
 ParOldGen       total 642048K, used 259165K [0x0000000080000000, 0x00000000a7300000, 0x00000000d5580000)
  object space 642048K, 40% used [0x0000000080000000,0x000000008fd176b8,0x00000000a7300000)
 Metaspace       used 94670K, committed 96576K, reserved 1179648K
  class space    used 9737K, committed 10560K, reserved 1048576K
}
Event: 16094.870 GC heap after
{Heap after GC invocations=3648 (full 5):
 PSYoungGen      total 4608K, used 388K [0x00000000d5580000, 0x00000000d5b80000, 0x0000000100000000)
  eden space 4096K, 0% used [0x00000000d5580000,0x00000000d5580000,0x00000000d5980000)
  from space 512K, 75% used [0x00000000d5b00000,0x00000000d5b61230,0x00000000d5b80000)
  to   space 1024K, 0% used [0x00000000d5980000,0x00000000d5980000,0x00000000d5a80000)
 ParOldGen       total 642048K, used 259380K [0x0000000080000000, 0x00000000a7300000, 0x00000000d5580000)
  object space 642048K, 40% used [0x0000000080000000,0x000000008fd4d390,0x00000000a7300000)
 Metaspace       used 94670K, committed 96576K, reserved 1179648K
  class space    used 9737K, committed 10560K, reserved 1048576K
}
Event: 16094.885 GC heap before
{Heap before GC invocations=3649 (full 5):
 PSYoungGen      total 4608K, used 4484K [0x00000000d5580000, 0x00000000d5b80000, 0x0000000100000000)
  eden space 4096K, 100% used [0x00000000d5580000,0x00000000d5980000,0x00000000d5980000)
  from space 512K, 75% used [0x00000000d5b00000,0x00000000d5b61230,0x00000000d5b80000)
  to   space 1024K, 0% used [0x00000000d5980000,0x00000000d5980000,0x00000000d5a80000)
 ParOldGen       total 642048K, used 259380K [0x0000000080000000, 0x00000000a7300000, 0x00000000d5580000)
  object space 642048K, 40% used [0x0000000080000000,0x000000008fd4d390,0x00000000a7300000)
 Metaspace       used 94674K, committed 96576K, reserved 1179648K
  class space    used 9737K, committed 10560K, reserved 1048576K
}
Event: 16094.887 GC heap after
{Heap after GC invocations=3649 (full 5):
 PSYoungGen      total 5120K, used 192K [0x00000000d5580000, 0x00000000d5b80000, 0x0000000100000000)
  eden space 4096K, 0% used [0x00000000d5580000,0x00000000d5580000,0x00000000d5980000)
  from space 1024K, 18% used [0x00000000d5980000,0x00000000d59b0000,0x00000000d5a80000)
  to   space 512K, 0% used [0x00000000d5b00000,0x00000000d5b00000,0x00000000d5b80000)
 ParOldGen       total 642048K, used 259500K [0x0000000080000000, 0x00000000a7300000, 0x00000000d5580000)
  object space 642048K, 40% used [0x0000000080000000,0x000000008fd6b3b0,0x00000000a7300000)
 Metaspace       used 94674K, committed 96576K, reserved 1179648K
  class space    used 9737K, committed 10560K, reserved 1048576K
}
Event: 16095.012 GC heap before
{Heap before GC invocations=3650 (full 5):
 PSYoungGen      total 5120K, used 4251K [0x00000000d5580000, 0x00000000d5b80000, 0x0000000100000000)
  eden space 4096K, 99% used [0x00000000d5580000,0x00000000d5976c48,0x00000000d5980000)
  from space 1024K, 18% used [0x00000000d5980000,0x00000000d59b0000,0x00000000d5a80000)
  to   space 512K, 0% used [0x00000000d5b00000,0x00000000d5b00000,0x00000000d5b80000)
 ParOldGen       total 642048K, used 259500K [0x0000000080000000, 0x00000000a7300000, 0x00000000d5580000)
  object space 642048K, 40% used [0x0000000080000000,0x000000008fd6b3b0,0x00000000a7300000)
 Metaspace       used 94700K, committed 96576K, reserved 1179648K
  class space    used 9737K, committed 10560K, reserved 1048576K
}
Event: 16095.014 GC heap after
{Heap after GC invocations=3650 (full 5):
 PSYoungGen      total 4608K, used 256K [0x00000000d5580000, 0x00000000d5b80000, 0x0000000100000000)
  eden space 4096K, 0% used [0x00000000d5580000,0x00000000d5580000,0x00000000d5980000)
  from space 512K, 50% used [0x00000000d5b00000,0x00000000d5b40000,0x00000000d5b80000)
  to   space 512K, 0% used [0x00000000d5a80000,0x00000000d5a80000,0x00000000d5b00000)
 ParOldGen       total 642048K, used 259540K [0x0000000080000000, 0x00000000a7300000, 0x00000000d5580000)
  object space 642048K, 40% used [0x0000000080000000,0x000000008fd753b0,0x00000000a7300000)
 Metaspace       used 94700K, committed 96576K, reserved 1179648K
  class space    used 9737K, committed 10560K, reserved 1048576K
}
Event: 16097.330 GC heap before
{Heap before GC invocations=3651 (full 5):
 PSYoungGen      total 4608K, used 4352K [0x00000000d5580000, 0x00000000d5b80000, 0x0000000100000000)
  eden space 4096K, 100% used [0x00000000d5580000,0x00000000d5980000,0x00000000d5980000)
  from space 512K, 50% used [0x00000000d5b00000,0x00000000d5b40000,0x00000000d5b80000)
  to   space 512K, 0% used [0x00000000d5a80000,0x00000000d5a80000,0x00000000d5b00000)
 ParOldGen       total 642048K, used 259540K [0x0000000080000000, 0x00000000a7300000, 0x00000000d5580000)
  object space 642048K, 40% used [0x0000000080000000,0x000000008fd753b0,0x00000000a7300000)
 Metaspace       used 94771K, committed 96640K, reserved 1179648K
  class space    used 9748K, committed 10560K, reserved 1048576K
}
Event: 16097.332 GC heap after
{Heap after GC invocations=3651 (full 5):
 PSYoungGen      total 4608K, used 224K [0x00000000d5580000, 0x00000000d5b80000, 0x0000000100000000)
  eden space 4096K, 0% used [0x00000000d5580000,0x00000000d5580000,0x00000000d5980000)
  from space 512K, 43% used [0x00000000d5a80000,0x00000000d5ab8000,0x00000000d5b00000)
  to   space 512K, 0% used [0x00000000d5b00000,0x00000000d5b00000,0x00000000d5b80000)
 ParOldGen       total 642048K, used 259588K [0x0000000080000000, 0x00000000a7300000, 0x00000000d5580000)
  object space 642048K, 40% used [0x0000000080000000,0x000000008fd813b0,0x00000000a7300000)
 Metaspace       used 94771K, committed 96640K, reserved 1179648K
  class space    used 9748K, committed 10560K, reserved 1048576K
}

